log4j:WARN No appenders could be found for logger (openproof.zen.OPPlatformInfo).
log4j:WARN Please initialize the log4j system properly.
Nov 19, 2018 2:56:41 PM java.util.prefs.WindowsPreferences <init>
WARNING: Could not open/create prefs root node Software\JavaSoft\Prefs at root 0x80000002. Windows RegCreateKeyEx(...) returned error code 5.
Exception in thread "AWT-EventQueue-0" java.lang.NullPointerException
	at openproof.proofeditor.ConstraintEditorTabbedPane.actionPerformed(ConstraintEditorTabbedPane.java:434)
	at openproof.proofeditor.PaneContentAbs.actionPerformed(PaneContentAbs.java:340)
	at openproof.proofeditor.ProofPaneView.actionPerformed(ProofPaneView.java:603)
	at openproof.proofeditor.PEProofEditor.handleActionEvent(PEProofEditor.java:597)
	at openproof.proofeditor.PEProofEditor.actionPerformed(PEProofEditor.java:536)
	at openproof.fitch.FitchProofEditor.actionPerformed(FitchProofEditor.java:292)
	at openproof.zen.ui.EditorFrame.actionPerformed(EditorFrame.java:785)
	at javax.swing.AbstractButton.fireActionPerformed(Unknown Source)
	at javax.swing.AbstractButton$Handler.actionPerformed(Unknown Source)
	at javax.swing.DefaultButtonModel.fireActionPerformed(Unknown Source)
	at javax.swing.DefaultButtonModel.setPressed(Unknown Source)
	at javax.swing.AbstractButton.doClick(Unknown Source)
	at javax.swing.AbstractButton.doClick(Unknown Source)
	at javax.swing.plaf.basic.BasicMenuItemUI$Actions.actionPerformed(Unknown Source)
	at javax.swing.SwingUtilities.notifyAction(Unknown Source)
	at javax.swing.JComponent.processKeyBinding(Unknown Source)
	at javax.swing.JMenuBar.processBindingForKeyStrokeRecursive(Unknown Source)
	at javax.swing.JMenuBar.processBindingForKeyStrokeRecursive(Unknown Source)
	at javax.swing.JMenuBar.processBindingForKeyStrokeRecursive(Unknown Source)
	at javax.swing.JMenuBar.processKeyBinding(Unknown Source)
	at javax.swing.KeyboardManager.fireBinding(Unknown Source)
	at javax.swing.KeyboardManager.fireKeyboardAction(Unknown Source)
	at javax.swing.JComponent.processKeyBindingsForAllComponents(Unknown Source)
	at javax.swing.JComponent.processKeyBindings(Unknown Source)
	at javax.swing.JComponent.processKeyEvent(Unknown Source)
	at openproof.FOLTextEditor.FOLEditor$1.processKeyEvent(FOLEditor.java:109)
	at java.awt.Component.processEvent(Unknown Source)
	at java.awt.Container.processEvent(Unknown Source)
	at java.awt.Component.dispatchEventImpl(Unknown Source)
	at java.awt.Container.dispatchEventImpl(Unknown Source)
	at java.awt.Component.dispatchEvent(Unknown Source)
	at java.awt.KeyboardFocusManager.redispatchEvent(Unknown Source)
	at java.awt.DefaultKeyboardFocusManager.dispatchKeyEvent(Unknown Source)
	at java.awt.DefaultKeyboardFocusManager.preDispatchKeyEvent(Unknown Source)
	at java.awt.DefaultKeyboardFocusManager.typeAheadAssertions(Unknown Source)
	at java.awt.DefaultKeyboardFocusManager.dispatchEvent(Unknown Source)
	at java.awt.Component.dispatchEventImpl(Unknown Source)
	at java.awt.Container.dispatchEventImpl(Unknown Source)
	at java.awt.Window.dispatchEventImpl(Unknown Source)
	at java.awt.Component.dispatchEvent(Unknown Source)
	at java.awt.EventQueue.dispatchEventImpl(Unknown Source)
	at java.awt.EventQueue.access$200(Unknown Source)
	at java.awt.EventQueue$3.run(Unknown Source)
	at java.awt.EventQueue$3.run(Unknown Source)
	at java.security.AccessController.doPrivileged(Native Method)
	at java.security.ProtectionDomain$1.doIntersectionPrivilege(Unknown Source)
	at java.security.ProtectionDomain$1.doIntersectionPrivilege(Unknown Source)
	at java.awt.EventQueue$4.run(Unknown Source)
	at java.awt.EventQueue$4.run(Unknown Source)
	at java.security.AccessController.doPrivileged(Native Method)
	at java.security.ProtectionDomain$1.doIntersectionPrivilege(Unknown Source)
	at java.awt.EventQueue.dispatchEvent(Unknown Source)
	at java.awt.EventDispatchThread.pumpOneEventForFilters(Unknown Source)
	at java.awt.EventDispatchThread.pumpEventsForFilter(Unknown Source)
	at java.awt.EventDispatchThread.pumpEventsForHierarchy(Unknown Source)
	at java.awt.EventDispatchThread.pumpEvents(Unknown Source)
	at java.awt.EventDispatchThread.pumpEvents(Unknown Source)
	at java.awt.EventDispatchThread.run(Unknown Source)
Exception in thread "AWT-EventQueue-0" java.lang.NullPointerException
	at openproof.proofeditor.ConstraintEditorTabbedPane.actionPerformed(ConstraintEditorTabbedPane.java:434)
	at openproof.proofeditor.PaneContentAbs.actionPerformed(PaneContentAbs.java:340)
	at openproof.proofeditor.ProofPaneView.actionPerformed(ProofPaneView.java:603)
	at openproof.proofeditor.PEProofEditor.handleActionEvent(PEProofEditor.java:597)
	at openproof.proofeditor.PEProofEditor.actionPerformed(PEProofEditor.java:536)
	at openproof.fitch.FitchProofEditor.actionPerformed(FitchProofEditor.java:292)
	at openproof.zen.ui.EditorFrame.actionPerformed(EditorFrame.java:785)
	at javax.swing.AbstractButton.fireActionPerformed(Unknown Source)
	at javax.swing.AbstractButton$Handler.actionPerformed(Unknown Source)
	at javax.swing.DefaultButtonModel.fireActionPerformed(Unknown Source)
	at javax.swing.DefaultButtonModel.setPressed(Unknown Source)
	at javax.swing.AbstractButton.doClick(Unknown Source)
	at javax.swing.AbstractButton.doClick(Unknown Source)
	at javax.swing.plaf.basic.BasicMenuItemUI$Actions.actionPerformed(Unknown Source)
	at javax.swing.SwingUtilities.notifyAction(Unknown Source)
	at javax.swing.JComponent.processKeyBinding(Unknown Source)
	at javax.swing.JMenuBar.processBindingForKeyStrokeRecursive(Unknown Source)
	at javax.swing.JMenuBar.processBindingForKeyStrokeRecursive(Unknown Source)
	at javax.swing.JMenuBar.processBindingForKeyStrokeRecursive(Unknown Source)
	at javax.swing.JMenuBar.processKeyBinding(Unknown Source)
	at javax.swing.KeyboardManager.fireBinding(Unknown Source)
	at javax.swing.KeyboardManager.fireKeyboardAction(Unknown Source)
	at javax.swing.JComponent.processKeyBindingsForAllComponents(Unknown Source)
	at javax.swing.JComponent.processKeyBindings(Unknown Source)
	at javax.swing.JComponent.processKeyEvent(Unknown Source)
	at openproof.FOLTextEditor.FOLEditor$1.processKeyEvent(FOLEditor.java:109)
	at java.awt.Component.processEvent(Unknown Source)
	at java.awt.Container.processEvent(Unknown Source)
	at java.awt.Component.dispatchEventImpl(Unknown Source)
	at java.awt.Container.dispatchEventImpl(Unknown Source)
	at java.awt.Component.dispatchEvent(Unknown Source)
	at java.awt.KeyboardFocusManager.redispatchEvent(Unknown Source)
	at java.awt.DefaultKeyboardFocusManager.dispatchKeyEvent(Unknown Source)
	at java.awt.DefaultKeyboardFocusManager.preDispatchKeyEvent(Unknown Source)
	at java.awt.DefaultKeyboardFocusManager.typeAheadAssertions(Unknown Source)
	at java.awt.DefaultKeyboardFocusManager.dispatchEvent(Unknown Source)
	at java.awt.Component.dispatchEventImpl(Unknown Source)
	at java.awt.Container.dispatchEventImpl(Unknown Source)
	at java.awt.Window.dispatchEventImpl(Unknown Source)
	at java.awt.Component.dispatchEvent(Unknown Source)
	at java.awt.EventQueue.dispatchEventImpl(Unknown Source)
	at java.awt.EventQueue.access$200(Unknown Source)
	at java.awt.EventQueue$3.run(Unknown Source)
	at java.awt.EventQueue$3.run(Unknown Source)
	at java.security.AccessController.doPrivileged(Native Method)
	at java.security.ProtectionDomain$1.doIntersectionPrivilege(Unknown Source)
	at java.security.ProtectionDomain$1.doIntersectionPrivilege(Unknown Source)
	at java.awt.EventQueue$4.run(Unknown Source)
	at java.awt.EventQueue$4.run(Unknown Source)
	at java.security.AccessController.doPrivileged(Native Method)
	at java.security.ProtectionDomain$1.doIntersectionPrivilege(Unknown Source)
	at java.awt.EventQueue.dispatchEvent(Unknown Source)
	at java.awt.EventDispatchThread.pumpOneEventForFilters(Unknown Source)
	at java.awt.EventDispatchThread.pumpEventsForFilter(Unknown Source)
	at java.awt.EventDispatchThread.pumpEventsForHierarchy(Unknown Source)
	at java.awt.EventDispatchThread.pumpEvents(Unknown Source)
	at java.awt.EventDispatchThread.pumpEvents(Unknown Source)
	at java.awt.EventDispatchThread.run(Unknown Source)
Exception in thread "AWT-EventQueue-0" java.lang.NullPointerException
	at openproof.proofeditor.ConstraintEditorTabbedPane.actionPerformed(ConstraintEditorTabbedPane.java:434)
	at openproof.proofeditor.PaneContentAbs.actionPerformed(PaneContentAbs.java:340)
	at openproof.proofeditor.ProofPaneView.actionPerformed(ProofPaneView.java:603)
	at openproof.proofeditor.PEProofEditor.handleActionEvent(PEProofEditor.java:597)
	at openproof.proofeditor.PEProofEditor.actionPerformed(PEProofEditor.java:536)
	at openproof.fitch.FitchProofEditor.actionPerformed(FitchProofEditor.java:292)
	at openproof.zen.ui.EditorFrame.actionPerformed(EditorFrame.java:785)
	at javax.swing.AbstractButton.fireActionPerformed(Unknown Source)
	at javax.swing.AbstractButton$Handler.actionPerformed(Unknown Source)
	at javax.swing.DefaultButtonModel.fireActionPerformed(Unknown Source)
	at javax.swing.DefaultButtonModel.setPressed(Unknown Source)
	at javax.swing.AbstractButton.doClick(Unknown Source)
	at javax.swing.AbstractButton.doClick(Unknown Source)
	at javax.swing.plaf.basic.BasicMenuItemUI$Actions.actionPerformed(Unknown Source)
	at javax.swing.SwingUtilities.notifyAction(Unknown Source)
	at javax.swing.JComponent.processKeyBinding(Unknown Source)
	at javax.swing.JMenuBar.processBindingForKeyStrokeRecursive(Unknown Source)
	at javax.swing.JMenuBar.processBindingForKeyStrokeRecursive(Unknown Source)
	at javax.swing.JMenuBar.processBindingForKeyStrokeRecursive(Unknown Source)
	at javax.swing.JMenuBar.processKeyBinding(Unknown Source)
	at javax.swing.KeyboardManager.fireBinding(Unknown Source)
	at javax.swing.KeyboardManager.fireKeyboardAction(Unknown Source)
	at javax.swing.JComponent.processKeyBindingsForAllComponents(Unknown Source)
	at javax.swing.JComponent.processKeyBindings(Unknown Source)
	at javax.swing.JComponent.processKeyEvent(Unknown Source)
	at openproof.FOLTextEditor.FOLEditor$1.processKeyEvent(FOLEditor.java:109)
	at java.awt.Component.processEvent(Unknown Source)
	at java.awt.Container.processEvent(Unknown Source)
	at java.awt.Component.dispatchEventImpl(Unknown Source)
	at java.awt.Container.dispatchEventImpl(Unknown Source)
	at java.awt.Component.dispatchEvent(Unknown Source)
	at java.awt.KeyboardFocusManager.redispatchEvent(Unknown Source)
	at java.awt.DefaultKeyboardFocusManager.dispatchKeyEvent(Unknown Source)
	at java.awt.DefaultKeyboardFocusManager.preDispatchKeyEvent(Unknown Source)
	at java.awt.DefaultKeyboardFocusManager.typeAheadAssertions(Unknown Source)
	at java.awt.DefaultKeyboardFocusManager.dispatchEvent(Unknown Source)
	at java.awt.Component.dispatchEventImpl(Unknown Source)
	at java.awt.Container.dispatchEventImpl(Unknown Source)
	at java.awt.Window.dispatchEventImpl(Unknown Source)
	at java.awt.Component.dispatchEvent(Unknown Source)
	at java.awt.EventQueue.dispatchEventImpl(Unknown Source)
	at java.awt.EventQueue.access$200(Unknown Source)
	at java.awt.EventQueue$3.run(Unknown Source)
	at java.awt.EventQueue$3.run(Unknown Source)
	at java.security.AccessController.doPrivileged(Native Method)
	at java.security.ProtectionDomain$1.doIntersectionPrivilege(Unknown Source)
	at java.security.ProtectionDomain$1.doIntersectionPrivilege(Unknown Source)
	at java.awt.EventQueue$4.run(Unknown Source)
	at java.awt.EventQueue$4.run(Unknown Source)
	at java.security.AccessController.doPrivileged(Native Method)
	at java.security.ProtectionDomain$1.doIntersectionPrivilege(Unknown Source)
	at java.awt.EventQueue.dispatchEvent(Unknown Source)
	at java.awt.EventDispatchThread.pumpOneEventForFilters(Unknown Source)
	at java.awt.EventDispatchThread.pumpEventsForFilter(Unknown Source)
	at java.awt.EventDispatchThread.pumpEventsForHierarchy(Unknown Source)
	at java.awt.EventDispatchThread.pumpEvents(Unknown Source)
	at java.awt.EventDispatchThread.pumpEvents(Unknown Source)
	at java.awt.EventDispatchThread.run(Unknown Source)
Exception in thread "AWT-EventQueue-0" java.lang.NullPointerException
	at openproof.proofeditor.ConstraintEditorTabbedPane.actionPerformed(ConstraintEditorTabbedPane.java:434)
	at openproof.proofeditor.PaneContentAbs.actionPerformed(PaneContentAbs.java:340)
	at openproof.proofeditor.ProofPaneView.actionPerformed(ProofPaneView.java:603)
	at openproof.proofeditor.PEProofEditor.handleActionEvent(PEProofEditor.java:597)
	at openproof.proofeditor.PEProofEditor.actionPerformed(PEProofEditor.java:536)
	at openproof.fitch.FitchProofEditor.actionPerformed(FitchProofEditor.java:292)
	at openproof.zen.ui.EditorFrame.actionPerformed(EditorFrame.java:785)
	at javax.swing.AbstractButton.fireActionPerformed(Unknown Source)
	at javax.swing.AbstractButton$Handler.actionPerformed(Unknown Source)
	at javax.swing.DefaultButtonModel.fireActionPerformed(Unknown Source)
	at javax.swing.DefaultButtonModel.setPressed(Unknown Source)
	at javax.swing.AbstractButton.doClick(Unknown Source)
	at javax.swing.AbstractButton.doClick(Unknown Source)
	at javax.swing.plaf.basic.BasicMenuItemUI$Actions.actionPerformed(Unknown Source)
	at javax.swing.SwingUtilities.notifyAction(Unknown Source)
	at javax.swing.JComponent.processKeyBinding(Unknown Source)
	at javax.swing.JMenuBar.processBindingForKeyStrokeRecursive(Unknown Source)
	at javax.swing.JMenuBar.processBindingForKeyStrokeRecursive(Unknown Source)
	at javax.swing.JMenuBar.processBindingForKeyStrokeRecursive(Unknown Source)
	at javax.swing.JMenuBar.processKeyBinding(Unknown Source)
	at javax.swing.KeyboardManager.fireBinding(Unknown Source)
	at javax.swing.KeyboardManager.fireKeyboardAction(Unknown Source)
	at javax.swing.JComponent.processKeyBindingsForAllComponents(Unknown Source)
	at javax.swing.JComponent.processKeyBindings(Unknown Source)
	at javax.swing.JComponent.processKeyEvent(Unknown Source)
	at openproof.FOLTextEditor.FOLEditor$1.processKeyEvent(FOLEditor.java:109)
	at java.awt.Component.processEvent(Unknown Source)
	at java.awt.Container.processEvent(Unknown Source)
	at java.awt.Component.dispatchEventImpl(Unknown Source)
	at java.awt.Container.dispatchEventImpl(Unknown Source)
	at java.awt.Component.dispatchEvent(Unknown Source)
	at java.awt.KeyboardFocusManager.redispatchEvent(Unknown Source)
	at java.awt.DefaultKeyboardFocusManager.dispatchKeyEvent(Unknown Source)
	at java.awt.DefaultKeyboardFocusManager.preDispatchKeyEvent(Unknown Source)
	at java.awt.DefaultKeyboardFocusManager.typeAheadAssertions(Unknown Source)
	at java.awt.DefaultKeyboardFocusManager.dispatchEvent(Unknown Source)
	at java.awt.Component.dispatchEventImpl(Unknown Source)
	at java.awt.Container.dispatchEventImpl(Unknown Source)
	at java.awt.Window.dispatchEventImpl(Unknown Source)
	at java.awt.Component.dispatchEvent(Unknown Source)
	at java.awt.EventQueue.dispatchEventImpl(Unknown Source)
	at java.awt.EventQueue.access$200(Unknown Source)
	at java.awt.EventQueue$3.run(Unknown Source)
	at java.awt.EventQueue$3.run(Unknown Source)
	at java.security.AccessController.doPrivileged(Native Method)
	at java.security.ProtectionDomain$1.doIntersectionPrivilege(Unknown Source)
	at java.security.ProtectionDomain$1.doIntersectionPrivilege(Unknown Source)
	at java.awt.EventQueue$4.run(Unknown Source)
	at java.awt.EventQueue$4.run(Unknown Source)
	at java.security.AccessController.doPrivileged(Native Method)
	at java.security.ProtectionDomain$1.doIntersectionPrivilege(Unknown Source)
	at java.awt.EventQueue.dispatchEvent(Unknown Source)
	at java.awt.EventDispatchThread.pumpOneEventForFilters(Unknown Source)
	at java.awt.EventDispatchThread.pumpEventsForFilter(Unknown Source)
	at java.awt.EventDispatchThread.pumpEventsForHierarchy(Unknown Source)
	at java.awt.EventDispatchThread.pumpEvents(Unknown Source)
	at java.awt.EventDispatchThread.pumpEvents(Unknown Source)
	at java.awt.EventDispatchThread.run(Unknown Source)
